[2024-07-17 02:05:11] [GENERAL] Application started
[2024-07-17 02:05:17] [QUERY] CREATE DATABASE TESTDB;
[2024-07-17 02:05:17] [GENERAL] Created database: TESTDB;
[2024-07-17 02:05:24] [GENERAL] Invalid query
[2024-07-17 02:05:30] [GENERAL] Invalid query
[2024-07-17 02:05:49] [GENERAL] Application started
[2024-07-17 02:06:19] [GENERAL] Application started
[2024-07-17 02:06:27] [QUERY] CREATE DATABASE TEST_DB
[2024-07-17 02:06:27] [GENERAL] Created database: TEST_DB
[2024-07-17 02:06:56] [GENERAL] Application started
[2024-07-17 02:07:27] [GENERAL] Application started
[2024-07-17 02:08:05] [GENERAL] Application started
[2024-07-17 02:08:16] [QUERY] USE DATABASE TEST_DB
[2024-07-17 02:08:16] [GENERAL] Switched to database: TEST_DB
[2024-07-17 02:08:23] [QUERY] CREATE TABLE USERS (ID INT, NAME VARCHAR(50), AGE INT)
[2024-07-17 02:08:23] [GENERAL] Created table: USERS in database: TEST_DB
[2024-07-17 02:08:33] [GENERAL] Invalid query
[2024-07-17 02:08:35] [QUERY] INSERT INTO USERS VALUES (1, 'JOHN DOE', 30);
[2024-07-17 02:08:35] [EVENT] Inserted values into table: USERS
[2024-07-17 02:19:57] [GENERAL] Application started
[2024-07-17 02:20:07] [QUERY] CREATE DATABASE TEST_DB
[2024-07-17 02:20:07] [GENERAL] Created database: TEST_DB
[2024-07-17 02:20:12] [QUERY] USE DATABASE TEST_DB
[2024-07-17 02:20:12] [GENERAL] Switched to database: TEST_DB
[2024-07-17 02:21:08] [QUERY] CREATE TABLE USERS (ID INT, NAME VARCHAR(255), EMAIL VARCHAR(255))
[2024-07-17 02:21:08] [GENERAL] Created table: USERS in database: TEST_DB
[2024-07-17 02:21:15] [QUERY] INSERT INTO USERS VALUES (1, 'JOHN DOE', 'JOHN.DOE@EXAMPLE.COM');
[2024-07-17 02:21:15] [EVENT] Inserted values into table: USERS
[2024-07-17 02:51:01] [GENERAL] Application started
[2024-07-17 02:52:00] [QUERY] CREATE DATABASE MY_NEW_DATABASE
[2024-07-17 02:52:00] [GENERAL] Created database: MY_NEW_DATABASE
[2024-07-17 02:52:07] [GENERAL] Invalid CREATE TABLE query.
[2024-07-17 02:52:07] [GENERAL] Invalid query
[2024-07-17 02:52:07] [GENERAL] Invalid query
[2024-07-17 02:52:07] [GENERAL] Invalid query
[2024-07-17 02:52:10] [GENERAL] Invalid query
[2024-07-17 02:52:44] [QUERY] CREATE TABLE USERS ( ID INT PRIMARY KEY, NAME VARCHAR(255), EMAIL VARCHAR(255))
[2024-07-17 02:52:44] [GENERAL] No database selected.
[2024-07-17 02:52:53] [QUERY] USE DATABASE MY_NEW_DATABASE
[2024-07-17 02:52:53] [GENERAL] Switched to database: MY_NEW_DATABASE
[2024-07-17 02:52:56] [QUERY] CREATE TABLE USERS ( ID INT PRIMARY KEY, NAME VARCHAR(255), EMAIL VARCHAR(255))
[2024-07-17 02:52:56] [GENERAL] Created table: USERS in database: MY_NEW_DATABASE
[2024-07-17 02:53:16] [QUERY] CREATE TABLE PRODUCTS (ID INT PRIMARY KEY,NAME VARCHAR(255),PRICE DECIMAL(10, 2))
[2024-07-17 02:53:16] [GENERAL] Created table: PRODUCTS in database: MY_NEW_DATABASE
[2024-07-17 02:53:24] [GENERAL] Invalid INSERT INTO query.
[2024-07-17 02:53:32] [GENERAL] Invalid INSERT INTO query.
[2024-07-17 02:54:11] [GENERAL] Application started
[2024-07-17 02:54:19] [QUERY] USE DATABASE MY_NEW_DATABASE
[2024-07-17 02:54:19] [GENERAL] Switched to database: MY_NEW_DATABASE
[2024-07-17 02:54:31] [QUERY] INSERT INTO USERS VALUES (1, 'JOHN DOE', 'JOHN.DOE@EXAMPLE.COM')
[2024-07-17 02:54:31] [EVENT] Inserted values into table: USERS
[2024-07-17 02:54:55] [QUERY] INSERT INTO USERS VALUES (2, 'JANE SMITH', 'JANE.SMITH@EXAMPLE.COM')
[2024-07-17 02:54:55] [EVENT] Inserted values into table: USERS
[2024-07-17 02:55:08] [QUERY] INSERT INTO PRODUCTS VALUES (1, 'LAPTOP', 999.99);
[2024-07-17 02:55:08] [EVENT] Inserted values into table: PRODUCTS
[2024-07-17 02:55:22] [QUERY] INSERT INTO PRODUCTS VALUES (2, 'SMARTPHONE', 599.99)
[2024-07-17 02:55:22] [EVENT] Inserted values into table: PRODUCTS
[2024-07-17 02:55:43] [GENERAL] Application started
[2024-07-17 02:56:06] [GENERAL] Application started
[2024-07-17 02:56:16] [GENERAL] Database my_new_database exported to SQL successfully.
[2024-07-17 02:58:53] [GENERAL] Application started
[2024-07-17 02:59:08] [GENERAL] Database my_new_database exported to SQL successfully.
[2024-07-17 02:59:47] [GENERAL] Application started
[2024-07-17 02:59:59] [GENERAL] Database my_new_database exported to SQL successfully.
[2024-07-17 03:01:08] [GENERAL] Application started
[2024-07-17 03:01:17] [GENERAL] Failed to export database my_new_databas to SQL.
[2024-07-17 03:01:30] [GENERAL] Database my_new_database exported to SQL successfully.
[2024-07-17 03:02:22] [GENERAL] Application started
[2024-07-17 03:02:33] [GENERAL] Database my_new_database exported to SQL successfully.
[2024-07-17 03:03:21] [GENERAL] Application started
[2024-07-17 03:03:29] [GENERAL] Database test_db exported to SQL successfully.
[2024-07-19 03:02:27] [GENERAL] Application started
[2024-07-19 03:02:41] [GENERAL] Database MY_New_database exported to SQL successfully.
[2024-07-19 03:05:00] [GENERAL] Application started
[2024-07-19 03:05:09] [QUERY] USE DATABASE MY_NEW_DATABASE
[2024-07-19 03:05:09] [GENERAL] Switched to database: MY_NEW_DATABASE
[2024-07-19 03:05:11] [GENERAL] Invalid CREATE TABLE query.
[2024-07-19 03:05:11] [GENERAL] Invalid query
[2024-07-19 03:05:11] [GENERAL] Invalid query
[2024-07-19 03:05:11] [GENERAL] Invalid query
[2024-07-19 03:05:11] [GENERAL] Invalid query
[2024-07-19 03:05:19] [QUERY] CREATE TABLE EMPLOYEES ( EMPLOYEEID INT PRIMARY KEY, FIRSTNAME VARCHAR(50), LASTNAME VARCHAR(50) );
[2024-07-19 03:05:19] [GENERAL] Created table: EMPLOYEES in database: MY_NEW_DATABASE
[2024-07-19 03:08:50] [GENERAL] Application started
[2024-07-19 03:09:01] [GENERAL] Application started
[2024-07-19 03:09:15] [QUERY] USE DATABASE MY_NEW_DATABASE
[2024-07-19 03:09:15] [GENERAL] Switched to database: MY_NEW_DATABASE
[2024-07-19 03:09:17] [QUERY] CREATE TABLE EMPLOYEES ( EMPLOYEEID INT PRIMARY KEY, FIRSTNAME VARCHAR(50), LASTNAME VARCHAR(50) );
[2024-07-19 03:09:17] [GENERAL] Created table: EMPLOYEES in database: MY_NEW_DATABASE
[2024-07-19 03:09:48] [GENERAL] Application started
[2024-07-19 03:09:56] [QUERY] USE DATABASE MY_NEW_DATABASE
[2024-07-19 03:09:56] [GENERAL] Switched to database: MY_NEW_DATABASE
[2024-07-19 03:10:07] [QUERY] CREATE TABLE EMPLOYEES ( EMPLOYEEID INT , FIRSTNAME VARCHAR(50), LASTNAME VARCHAR(50) );
[2024-07-19 03:10:07] [GENERAL] Created table: EMPLOYEES in database: MY_NEW_DATABASE
[2024-07-19 03:11:13] [GENERAL] Application started
[2024-07-19 03:11:23] [QUERY] USE DATABASE MY_NEW_DATABASE
[2024-07-19 03:11:23] [GENERAL] Switched to database: MY_NEW_DATABASE
[2024-07-19 03:11:56] [QUERY] INSERT INTO USERS VALUES ('JANE SMITH', 'JANE.SMITH@EXAMPLE.COM');
[2024-07-19 03:11:56] [EVENT] Inserted values into table: USERS
[2024-07-19 03:27:54] [GENERAL] Application started
[2024-07-19 03:28:02] [QUERY] USE DATABASE MY_NEW_DATABASE
[2024-07-19 03:28:02] [GENERAL] Switched to database: MY_NEW_DATABASE
[2024-07-19 03:28:25] [QUERY] CREATE TABLE EMPLOYEES ( EMPLOYEEID INT PRIMARY KEY, FIRSTNAME VARCHAR(50), LASTNAME VARCHAR(50) );
[2024-07-19 03:28:25] [GENERAL] Created table: EMPLOYEES in database: MY_NEW_DATABASE
[2024-07-19 03:28:41] [QUERY] INSERT INTO EMPLOYEES (EMPLOYEEID, FIRSTNAME, LASTNAME) VALUES (1, 'JOHN', 'DOE');
[2024-07-19 03:28:41] [EVENT] Inserted values into table: EMPLOYEES
[2024-07-19 03:29:02] [QUERY] INSERT INTO EMPLOYEES (FIRSTNAME, LASTNAME) VALUES ('JANE', 'SMITH');
[2024-07-19 03:29:02] [EVENT] Inserted values into table: EMPLOYEES
[2024-07-19 03:29:43] [GENERAL] Application started
[2024-07-19 03:29:54] [QUERY] USE DATABASE MY_NEW_DATABASE\
[2024-07-19 03:29:54] [GENERAL] Database MY_NEW_DATABASE\ does not exist.
[2024-07-19 03:30:00] [QUERY] USE DATABASE MY_NEW_DATABASE
[2024-07-19 03:30:00] [GENERAL] Switched to database: MY_NEW_DATABASE
[2024-07-19 03:30:33] [GENERAL] Invalid query
[2024-07-19 03:30:37] [QUERY] INSERT INTO EMPLOYEES (EMPLOYEEID,LASTNAME) VALUES (1, 'BHANSALI')
[2024-07-19 03:30:37] [EVENT] Inserted values into table: EMPLOYEES
[2024-07-19 03:35:22] [GENERAL] Application started
[2024-07-19 03:35:42] [QUERY] USE DATABASE MY_NEW_DATABASE
[2024-07-19 03:35:42] [GENERAL] Switched to database: MY_NEW_DATABASE
[2024-07-19 03:35:42] [GENERAL] Invalid query
[2024-07-19 03:35:47] [QUERY] USE DATABASE MY_NEW_DATABASE
[2024-07-19 03:35:47] [GENERAL] Switched to database: MY_NEW_DATABASE
[2024-07-19 03:36:01] [QUERY] CREATE TABLE EMPLOYEES ( EMPLOYEEID INT PRIMARY KEY, FIRSTNAME VARCHAR(50), LASTNAME VARCHAR(50) );
[2024-07-19 03:36:01] [GENERAL] Created table: EMPLOYEES in database: MY_NEW_DATABASE
[2024-07-19 03:36:15] [QUERY] INSERT INTO EMPLOYEES (EMPLOYEEID, FIRSTNAME, LASTNAME) VALUES (1, 'JOHN DOE', 'JOHN.DOE@EXAMPLE.COM');
[2024-07-19 03:36:15] [EVENT] Inserted values into table: EMPLOYEES
[2024-07-19 03:52:37] [GENERAL] Application started
[2024-07-19 03:52:52] [GENERAL] Application started
[2024-07-19 03:53:03] [GENERAL] Invalid INSERT INTO query.
[2024-07-19 03:53:46] [GENERAL] Application started
[2024-07-19 03:54:00] [QUERY] INSERT INTO EMPLOYEES (EMPLOYEEID, FIRSTNAME, LASTNAME) VALUES (1, 'JOHN DOE', 'JOHN.DOE@EXAMPLE.COM');
[2024-07-19 03:54:00] [GENERAL] No database selected.
[2024-07-19 03:54:11] [QUERY] USE DATABASE MY_NEW_DATABASE
[2024-07-19 03:54:11] [GENERAL] Switched to database: MY_NEW_DATABASE
[2024-07-19 03:54:17] [QUERY] INSERT INTO EMPLOYEES (EMPLOYEEID, FIRSTNAME, LASTNAME) VALUES (1, 'JOHN DOE', 'JOHN.DOE@EXAMPLE.COM');
[2024-07-19 03:54:17] [EVENT] Inserted values into table: EMPLOYEES
[2024-07-19 03:54:24] [QUERY] INSERT INTO EMPLOYEES (EMPLOYEEID, FIRSTNAME, LASTNAME) VALUES (1, 'JOHN DOE', 'JOHN.DOE@EXAMPLE.COM');
[2024-07-19 03:54:24] [EVENT] Inserted values into table: EMPLOYEES
[2024-07-19 03:54:39] [QUERY] INSERT INTO EMPLOYEES (EMPLOYEEID,LASTNAME) VALUES (1,'JOHN.DOE@EXAMPLE.COM');
[2024-07-19 03:54:39] [EVENT] Inserted values into table: EMPLOYEES
[2024-07-19 03:55:30] [GENERAL] Application started
[2024-07-19 03:55:37] [QUERY] USE DATABASE MY_NEW_DATABASE
[2024-07-19 03:55:37] [GENERAL] Switched to database: MY_NEW_DATABASE
[2024-07-19 03:55:44] [QUERY] INSERT INTO EMPLOYEES (EMPLOYEEID, FIRSTNAME, LASTNAME) VALUES (1, 'JOHN DOE', 'JOHN.DOE@EXAMPLE.COM');
[2024-07-19 03:57:25] [GENERAL] Application started
[2024-07-19 03:57:34] [QUERY] USE DATABASE MY_NEW_DATABASE
[2024-07-19 03:57:34] [GENERAL] Switched to database: MY_NEW_DATABASE
[2024-07-19 03:57:35] [GENERAL] Invalid query
[2024-07-19 03:57:40] [QUERY] INSERT INTO EMPLOYEES (EMPLOYEEID, FIRSTNAME, LASTNAME) VALUES (1, 'JOHN DOE', 'JOHN.DOE@EXAMPLE.COM');
[2024-07-19 03:58:44] [GENERAL] Application started
[2024-07-19 03:58:53] [QUERY] USE DATABASE MY_NEW_DATABASE
[2024-07-19 03:58:53] [GENERAL] Switched to database: MY_NEW_DATABASE
[2024-07-19 03:58:56] [QUERY] INSERT INTO EMPLOYEES (EMPLOYEEID, FIRSTNAME, LASTNAME) VALUES (1, 'JOHN DOE', 'JOHN.DOE@EXAMPLE.COM');
[2024-07-19 04:01:00] [GENERAL] Application started
[2024-07-19 04:01:01] [QUERY] INSERT INTO EMPLOYEES (EMPLOYEEID, FIRSTNAME, LASTNAME) VALUES (1, 'JOHN DOE', 'JOHN.DOE@EXAMPLE.COM');
[2024-07-19 04:02:56] [GENERAL] Application started
[2024-07-19 04:02:58] [QUERY] INSERT INTO EMPLOYEES (EMPLOYEEID, FIRSTNAME, LASTNAME) VALUES (1, 'JOHN DOE', 'JOHN.DOE@EXAMPLE.COM');
[2024-07-19 04:03:15] [GENERAL] Application started
[2024-07-19 04:03:16] [QUERY] INSERT INTO EMPLOYEES (EMPLOYEEID, FIRSTNAME, LASTNAME) VALUES (1, 'JOHN DOE', 'JOHN.DOE@EXAMPLE.COM');
[2024-07-19 04:03:39] [GENERAL] Application started
[2024-07-19 04:03:42] [QUERY] INSERT INTO EMPLOYEES (EMPLOYEEID, FIRSTNAME, LASTNAME) VALUES (1, 'JOHN DOE', 'JOHN.DOE@EXAMPLE.COM');
[2024-07-19 04:06:35] [GENERAL] Application started
[2024-07-19 04:06:42] [QUERY] INSERT INTO EMPLOYEES (EMPLOYEEID, FIRSTNAME, LASTNAME) VALUES (1, 'JOHN DOE', 'JOHN.DOE@EXAMPLE.COM');
[2024-07-19 04:07:36] [GENERAL] Application started
[2024-07-19 04:07:37] [GENERAL] Invalid query
[2024-07-19 04:07:38] [GENERAL] Invalid query
[2024-07-19 04:07:41] [QUERY] INSERT INTO EMPLOYEES (EMPLOYEEID, FIRSTNAME, LASTNAME) VALUES (1, 'JOHN DOE', 'JOHN.DOE@EXAMPLE.COM');
[2024-07-19 04:08:03] [GENERAL] Application started
[2024-07-19 04:08:04] [QUERY] INSERT INTO EMPLOYEES (EMPLOYEEID, FIRSTNAME, LASTNAME) VALUES (1, 'JOHN DOE', 'JOHN.DOE@EXAMPLE.COM');
[2024-07-19 04:09:08] [GENERAL] Application started
[2024-07-19 04:09:10] [QUERY] INSERT INTO EMPLOYEES (EMPLOYEEID, FIRSTNAME, LASTNAME) VALUES (1, 'JOHN DOE', 'JOHN.DOE@EXAMPLE.COM');
[2024-07-19 04:09:41] [GENERAL] Application started
[2024-07-19 04:09:42] [QUERY] INSERT INTO EMPLOYEES (EMPLOYEEID, FIRSTNAME, LASTNAME) VALUES (1, 'JOHN DOE', 'JOHN.DOE@EXAMPLE.COM');
[2024-07-19 04:09:56] [GENERAL] Application started
[2024-07-19 04:09:57] [GENERAL] Invalid query
[2024-07-19 04:10:01] [QUERY] INSERT INTO EMPLOYEES (EMPLOYEEID, FIRSTNAME, LASTNAME) VALUES (1, 'JOHN DOE', 'JOHN.DOE@EXAMPLE.COM');
[2024-07-19 04:10:27] [GENERAL] Application started
[2024-07-19 04:10:29] [QUERY] INSERT INTO EMPLOYEES (EMPLOYEEID, FIRSTNAME, LASTNAME) VALUES (1, 'JOHN DOE', 'JOHN.DOE@EXAMPLE.COM');
[2024-07-19 04:11:19] [GENERAL] Application started
[2024-07-19 04:11:21] [QUERY] INSERT INTO EMPLOYEES (EMPLOYEEID, FIRSTNAME, LASTNAME) VALUES (1, 'JOHN DOE', 'JOHN.DOE@EXAMPLE.COM');
[2024-07-19 04:11:53] [GENERAL] Application started
[2024-07-19 04:11:56] [QUERY] INSERT INTO EMPLOYEES (EMPLOYEEID, FIRSTNAME, LASTNAME) VALUES (1, 'JOHN DOE', 'JOHN.DOE@EXAMPLE.COM');
[2024-07-19 04:12:38] [GENERAL] Application started
[2024-07-19 04:12:39] [QUERY] INSERT INTO EMPLOYEES (EMPLOYEEID, FIRSTNAME, LASTNAME) VALUES (1, 'JOHN DOE', 'JOHN.DOE@EXAMPLE.COM');
[2024-07-19 04:14:18] [GENERAL] Application started
[2024-07-19 04:14:20] [GENERAL] Invalid query
[2024-07-19 04:14:24] [QUERY] INSERT INTO EMPLOYEES (EMPLOYEEID, FIRSTNAME, LASTNAME) VALUES (1, 'JOHN DOE', 'JOHN.DOE@EXAMPLE.COM');
[2024-07-19 04:15:53] [GENERAL] Application started
[2024-07-19 04:15:54] [QUERY] INSERT INTO EMPLOYEES (EMPLOYEEID, FIRSTNAME, LASTNAME) VALUES (1, 'JOHN DOE', 'JOHN.DOE@EXAMPLE.COM');
[2024-07-19 04:21:24] [GENERAL] Application started
[2024-07-19 04:21:25] [GENERAL] Invalid query
[2024-07-19 04:21:29] [QUERY] INSERT INTO EMPLOYEES (EMPLOYEEID, FIRSTNAME, LASTNAME) VALUES (1, 'JOHN DOE', 'JOHN.DOE@EXAMPLE.COM');
[2024-07-19 04:24:40] [GENERAL] Application started
[2024-07-19 04:24:41] [GENERAL] Invalid query
[2024-07-19 04:24:41] [GENERAL] Invalid query
[2024-07-19 04:24:41] [GENERAL] Invalid query
[2024-07-19 04:24:45] [GENERAL] Invalid query
[2024-07-19 04:24:47] [QUERY] INSERT INTO EMPLOYEES (EMPLOYEEID, FIRSTNAME, LASTNAME) VALUES (1, 'JOHN DOE', 'JOHN.DOE@EXAMPLE.COM');
[2024-07-19 05:31:30] [GENERAL] Application started
[2024-07-19 05:31:37] [QUERY] INSERT INTO EMPLOYEES (EMPLOYEEID, FIRSTNAME, LASTNAME) VALUES (1, 'JOHN DOE', 'JOHN.DOE@EXAMPLE.COM');
[2024-07-19 05:31:52] [GENERAL] Application started
[2024-07-19 05:32:01] [QUERY] INSERT INTO EMPLOYEES VALUES (1, 'JOHN DOE', 'JOHN.DOE@EXAMPLE.COM');
[2024-07-19 05:32:01] [EVENT] Inserted values into table: EMPLOYEES
[2024-07-19 05:32:21] [QUERY] INSERT INTO EMPLOYEES VALUES (1, 'JOHN DOE', 'JOHN.DOE@EXAMPLE.COM');
[2024-07-19 05:32:21] [EVENT] Inserted values into table: EMPLOYEES
[2024-07-19 05:32:31] [QUERY] INSERT INTO EMPLOYEES (EMPLOYEEID, FIRSTNAME, LASTNAME) VALUES (1, 'JOHN DOE', 'JOHN.DOE@EXAMPLE.COM');
[2024-07-19 05:32:47] [QUERY] INSERT INTO EMPLOYEES (EMPLOYEEID, LASTNAME) VALUES (2, 'JOHN.DOE@EXAMPLE.COM');
[2024-07-19 05:32:47] [EVENT] Inserted values into table: EMPLOYEES
[2024-07-19 05:34:13] [GENERAL] Application started
[2024-07-19 05:34:31] [QUERY] INSERT INTO EMPLOYEES (EMPLOYEEID,LASTNAME) VALUES (2, 'JOHN.DOE@EXAMPLE.COM');
[2024-07-19 05:34:37] [QUERY] INSERT INTO EMPLOYEES (EMPLOYEEID,LASTNAME) VALUES (4, 'JOHN.DOE@EXAMPLE.COM');
[2024-07-19 05:34:37] [EVENT] Inserted values into table: EMPLOYEES
[2024-07-19 05:35:44] [GENERAL] Application started
[2024-07-19 05:35:47] [QUERY] INSERT INTO EMPLOYEES (EMPLOYEEID,LASTNAME) VALUES (2, 'JOHN.DOE@EXAMPLE.COM');
[2024-07-19 05:35:53] [QUERY] INSERT INTO EMPLOYEES (EMPLOYEEID,LASTNAME) VALUES (43, 'JOHN.DOE@EXAMPLE.COM');
[2024-07-19 05:35:53] [EVENT] Inserted values into table: EMPLOYEES
[2024-07-19 05:36:29] [GENERAL] Application started
[2024-07-19 05:36:34] [QUERY] INSERT INTO EMPLOYEES (EMPLOYEEID,LASTNAME) VALUES (32, 'JOHN.DOE@EXAMPLE.COM');
[2024-07-19 05:36:34] [EVENT] Inserted values into table: EMPLOYEES
[2024-07-19 05:37:04] [QUERY] INSERT INTO EMPLOYEES (EMPLOYEEID,EMAIL) VALUES (2, 'JOHN.DOE@EXAMPLE.COM');
[2024-07-19 05:37:11] [QUERY] INSERT INTO EMPLOYEES (EMPLOYEEID,EMAIL) VALUES (2322, 'JOHN.DOE@EXAMPLE.COM');
[2024-07-19 05:37:11] [EVENT] Inserted values into table: EMPLOYEES
[2024-07-19 05:39:33] [GENERAL] Application started
[2024-07-19 05:39:46] [QUERY] INSERT INTO EMPLOYEES (EMPLOYEEID,LASTNAME) VALUES (25665, 'JOHN.DOE@EXAMPLE.COM');
[2024-07-19 05:39:46] [EVENT] Inserted values into table: EMPLOYEES
[2024-07-19 05:40:29] [GENERAL] Application started
[2024-07-19 05:40:32] [QUERY] INSERT INTO EMPLOYEES (EMPLOYEEID,LASTNAME) VALUES (256DS65, 'JOHN.DOE@EXAMPLE.COM');
[2024-07-19 05:40:32] [EVENT] Inserted values into table: EMPLOYEES
[2024-07-19 05:41:18] [GENERAL] Application started
[2024-07-19 05:41:22] [QUERY] INSERT INTO EMPLOYEES (EMPLOYEEID,LASTNAME) VALUES (2564465, 'JOHN.DOE@EXAMPLE.COM');
[2024-07-19 05:41:22] [EVENT] Inserted values into table: EMPLOYEES
[2024-07-19 05:41:32] [GENERAL] Application started
[2024-07-19 05:41:39] [QUERY] INSERT INTO EMPLOYEES (EMPLOYEEID, FIRSTNAME, LASTNAME) VALUES (1, 'JOHN DOE', 'JOHN.DOE@EXAMPLE.COM');
[2024-07-19 05:41:39] [EVENT] Inserted values into table: EMPLOYEES
[2024-07-19 05:41:56] [QUERY] INSERT INTO EMPLOYEES (EMPLOYEEID,LASTNAME) VALUES (25665, 'JOHN.DOE@EXAMPLE.COM');
[2024-07-19 05:41:56] [EVENT] Inserted values into table: EMPLOYEES
[2024-07-19 05:44:16] [GENERAL] Application started
[2024-07-19 05:44:17] [GENERAL] Invalid query
[2024-07-19 05:44:17] [GENERAL] Invalid query
[2024-07-19 05:44:25] [GENERAL] Invalid query
[2024-07-19 05:44:27] [QUERY] INSERT INTO EMPLOYEES (EMPLOYEEID,LASTNAME) VALUES (25612365, 'JOHN.DOE@EXAMPLE.COM');
[2024-07-19 05:44:27] [EVENT] Inserted values into table: EMPLOYEES
[2024-07-19 05:44:52] [QUERY] INSERT INTO EMPLOYEES (EMPLOYEEID,LASTNAME) VALUES (256123, 'JOHN.DOE@EXAMPLE.COM');
[2024-07-19 05:44:52] [EVENT] Inserted values into table: EMPLOYEES
[2024-07-19 05:46:25] [GENERAL] Application started
[2024-07-19 05:46:31] [QUERY] INSERT INTO EMPLOYEES (EMPLOYEEID,LASTNAME) VALUES (2562365, 'JOHN.DOE@EXAMPLE.COM');
[2024-07-19 05:46:31] [EVENT] Inserted values into table: EMPLOYEES
[2024-07-19 05:49:38] [GENERAL] Application started
[2024-07-19 05:49:45] [QUERY] INSERT INTO EMPLOYEES (EMPLOYEEID,LASTNAME) VALUES (2512211612365, 'JOHN.DOE@EXAMPLE.COM');
[2024-07-19 05:49:45] [EVENT] Inserted values into table: EMPLOYEES
[2024-07-19 05:50:06] [GENERAL] Application started
[2024-07-19 05:50:09] [QUERY] INSERT INTO EMPLOYEES (EMPLOYEEID,LASTNAME) VALUES (2512612365, 'JOHN.DOE@EXAMPLE.COM');
[2024-07-19 05:50:10] [EVENT] Inserted values into table: EMPLOYEES
[2024-07-19 05:50:24] [GENERAL] Application started
[2024-07-19 05:50:36] [QUERY] INSERT INTO EMPLOYEES VALUES (1, 'JOHN DOE', 'JOHN.DOE@EXAMPLE.COM');
[2024-07-19 05:50:36] [EVENT] Inserted values into table: EMPLOYEES
[2024-07-19 05:50:44] [QUERY] INSERT INTO EMPLOYEES (EMPLOYEEID,LASTNAME) VALUES (25, 'JOHN.DOE@EXAMPLE.COM');
[2024-07-19 05:50:44] [EVENT] Inserted values into table: EMPLOYEES
[2024-07-19 05:52:08] [GENERAL] Application started
[2024-07-19 05:52:17] [QUERY] INSERT INTO EMPLOYEES (EMPLOYEEID,LASTNAME) VALUES (612365, 'JOHN.DOE@EXAMPLE.COM');
[2024-07-19 05:52:17] [EVENT] Inserted values into table: EMPLOYEES
[2024-07-19 05:52:33] [QUERY] INSERT INTO EMPLOYEES (EMPLOYEEID,FRSRS) VALUES (612365, 'JOHN.DOE@EXAMPLE.COM');
[2024-07-19 05:52:44] [QUERY] INSERT INTO EMPLOYEES (EMPLOYEEID,FRSRS) VALUES (6123A65, 'JOHN.DOE@EXAMPLE.COM');
[2024-07-19 05:52:44] [EVENT] Inserted values into table: EMPLOYEES
[2024-07-19 05:52:59] [QUERY] INSERT INTO EMPLOYEES (EMPLOYEEID,FIRSTNAME) VALUES (6123A65, 'JOHN.DOE@EXAMPLE.COM');
[2024-07-19 05:53:23] [QUERY] INSERT INTO EMPLOYEES (EMPLOYEEID,FIRSTNAME) VALUES (61EE23A65, 'JOHN.DOE@EXAMPLE.COM');
[2024-07-19 05:53:23] [EVENT] Inserted values into table: EMPLOYEES
