[2024-07-26 09:07:39] --- [QUERY] CREATE DATABASE TESTDB
[2024-07-26 09:08:07] --- [QUERY] USE DATABASE TESTDB
[2024-07-26 09:08:58] --- [QUERY] CREATE TABLE EMPLOYEES (EMPLOYEEID INT PRIMARY KEY, FIRSTNAME VARCHAR(50), LASTNAME VARCHAR(50), BIRTHDATE DATE, POSITION VARCHAR(50))
[2024-07-26 09:09:32] --- [QUERY] INSERT INTO EMPLOYEES (EMPLOYEEID, FIRSTNAME, LASTNAME, BIRTHDATE, POSITION) VALUES (1, 'JOHN', 'DOE', '1980-01-01', 'MANAGER')
[2024-07-26 09:09:39] --- [QUERY] INSERT INTO EMPLOYEES (EMPLOYEEID, FIRSTNAME, LASTNAME, BIRTHDATE, POSITION) VALUES (2, 'JANE', 'SMITH', '1990-02-02', 'DEVELOPER')
[2024-07-26 09:10:04] --- [QUERY] INSERT INTO EMPLOYEES (EMPLOYEEID, FIRSTNAME, LASTNAME, BIRTHDATE, POSITION) VALUES (2, 'JANE', 'SMITH', '1990-02-02', 'DEVELOPER')
[2024-07-26 09:10:22] --- [QUERY] SELECT * FROM EMPLOYEES
[2024-07-26 09:10:29] --- [QUERY] SELECT FROM EMPLOYEES WHERE POSITION = 'DEVELOPER'
[2024-07-26 09:10:29] --- [QUERY] Selected from table: EMPLOYEES
[2024-07-26 09:11:06] --- [QUERY] UPDATE EMPLOYEES SET POSITION = 'SENIOR DEVELOPER' WHERE EMPLOYEEID = 2
[2024-07-26 09:11:21] --- [QUERY] SELECT * FROM EMPLOYEES
[2024-07-26 09:11:28] --- [QUERY] DELETE FROM EMPLOYEES WHERE EMPLOYEEID = 1
[2024-07-26 09:11:47] --- [QUERY] INSERT INTO EMPLOYEES (EMPLOYEEID, FIRSTNAME, LASTNAME, BIRTHDATE, POSITION) VALUES (1, 'JOHN', 'DOE', '1980-01-01', 'MANAGER')
[2024-07-26 09:11:53] --- [QUERY] INSERT INTO EMPLOYEES (EMPLOYEEID, FIRSTNAME, LASTNAME, BIRTHDATE, POSITION) VALUES (2, 'JANE', 'SMITH', '1990-02-02', 'DEVELOPER')
[2024-07-26 09:12:04] --- [QUERY] DELETE FROM EMPLOYEES WHERE EMPLOYEEID = 1
[2024-07-26 09:13:06] --- [QUERY] DROP TABLE EMPLOYEES
[2024-07-26 09:13:27] --- [QUERY] CREATE TABLE EMPLOYEES (EMPLOYEEID INT PRIMARY KEY, FIRSTNAME VARCHAR(50), LASTNAME VARCHAR(50), BIRTHDATE DATE, POSITION VARCHAR(50))
[2024-07-26 09:13:36] --- [QUERY] INSERT INTO EMPLOYEES (EMPLOYEEID, FIRSTNAME, LASTNAME, BIRTHDATE, POSITION) VALUES (1, 'JOHN', 'DOE', '1980-01-01', 'MANAGER')
[2024-07-26 09:13:44] --- [QUERY] INSERT INTO EMPLOYEES (EMPLOYEEID, FIRSTNAME, LASTNAME, BIRTHDATE, POSITION) VALUES (2, 'JANE', 'SMITH', '1990-02-02', 'DEVELOPER')
[2024-07-26 09:47:00] --- [QUERY] USE DATABASE MY_NEW_DATABASE
[2024-07-26 09:47:38] --- [QUERY] DELETE FROM PRODUCTS WHERE PRICE=599.99
[2024-07-26 10:13:45] --- [QUERY] USE DATABASE TESTDB
[2024-07-26 10:14:18] --- [QUERY] SELECT (EMPLOYEEID, FIRSTNAME) FROM EMPLOYEES WHERE EMPLOYEEID=1
[2024-07-26 10:14:18] --- [QUERY] Selected from table: EMPLOYEES
[2024-07-26 10:27:15] --- [QUERY] SELECT (EMPLOYEEID, FIRSTNAME) FROM EMPLOYEES WHERE EMPLOYEEID=1
[2024-07-26 10:27:42] --- [QUERY] USE DATABASE TESTDB
[2024-07-26 10:27:44] --- [QUERY] SELECT (EMPLOYEEID, FIRSTNAME) FROM EMPLOYEES WHERE EMPLOYEEID=1
[2024-07-26 10:27:44] --- [QUERY] Selected from table: EMPLOYEES
[2024-07-26 10:31:23] --- [QUERY] SELECT (EMPLOYEEID,LASTNAME) FROM EMPLOYEES WHERE EMPLOEEID=1
[2024-07-26 10:31:34] --- [QUERY] USE DATABASE TESTDB
[2024-07-26 10:31:40] --- [QUERY] SELECT (EMPLOYEEID,LASTNAME) FROM EMPLOYEES WHERE EMPLOEEID=1
[2024-07-26 10:31:40] --- [QUERY] Selected from table: EMPLOYEES
[2024-07-26 10:36:07] --- [QUERY] SELECT (EMPLOYEEID,LASTNAME) FROM EMPLOYEES WHERE EMPLOEEID=1
[2024-07-26 10:36:17] --- [QUERY] USE DATABASE TESTDB
[2024-07-26 10:36:31] --- [QUERY] SELECT (EMPLOYEEID,LASTNAME) FROM EMPLOYEES WHERE EMPLOYEEID=1
[2024-07-26 10:36:31] --- [QUERY] Selected from table: EMPLOYEES
[2024-07-26 10:38:26] --- [QUERY] USE DATABASE TESTDB
[2024-07-26 10:38:33] --- [QUERY] SELECT (EMPLOYEEID,LASTNAME) FROM EMPLOYEES WHERE EMPLOYEEID=1
[2024-07-26 10:38:33] --- [QUERY] Selected from table: EMPLOYEES
[2024-07-26 10:39:27] --- [QUERY] USE DATABASE TESTDB
[2024-07-26 10:39:33] --- [QUERY] SELECT (EMPLOYEEID,LASTNAME) FROM EMPLOYEES WHERE EMPLOYEEID=1
[2024-07-26 10:39:33] --- [QUERY] Selected from table: EMPLOYEES
[2024-07-26 10:41:20] --- [QUERY] USE DATABASE TESTDB
[2024-07-26 10:41:27] --- [QUERY] SELECT (EMPLOYEEID,LASTNAME) FROM EMPLOYEES WHERE EMPLOYEEID=1
[2024-07-26 10:41:27] --- [QUERY] Selected from table: EMPLOYEES
[2024-07-26 10:44:15] --- [QUERY] USE DATABASE TESTDB
[2024-07-26 10:44:21] --- [QUERY] SELECT (EMPLOYEEID,LASTNAME) FROM EMPLOYEES WHERE EMPLOYEEID=1
[2024-07-26 10:44:21] --- [QUERY] Selected from table: EMPLOYEES
[2024-07-26 10:45:48] --- [QUERY] USE DATABASE TESTDB
[2024-07-26 10:45:54] --- [QUERY] SELECT (EMPLOYEEID,LASTNAME) FROM EMPLOYEES WHERE EMPLOYEEID=1
[2024-07-26 10:45:54] --- [QUERY] Selected from table: EMPLOYEES
[2024-07-26 10:47:38] --- [QUERY] USE DATABASE TESTDB
[2024-07-26 10:47:43] --- [QUERY] SELECT (EMPLOYEEID,LASTNAME) FROM EMPLOYEES WHERE EMPLOYEEID=1
[2024-07-26 10:47:43] --- [QUERY] Selected from table: EMPLOYEES
[2024-07-26 10:49:02] --- [QUERY] USE DATABASE TESTDB
[2024-07-26 10:49:06] --- [QUERY] SELECT (EMPLOYEEID,LASTNAME) FROM EMPLOYEES WHERE EMPLOYEEID=1
[2024-07-26 10:49:06] --- [QUERY] Selected from table: EMPLOYEES
[2024-07-26 10:52:38] --- [QUERY] USE DATABASE TESTDB
[2024-07-26 10:52:44] --- [QUERY] SELECT (EMPLOYEEID,LASTNAME) FROM EMPLOYEES WHERE EMPLOYEEID=1
[2024-07-26 10:52:44] --- [QUERY] Selected from table: EMPLOYEES
[2024-07-26 10:55:02] --- [QUERY] USE DATABASE TESTDB
[2024-07-26 10:55:04] --- [QUERY] SELECT (EMPLOYEEID,LASTNAME) FROM EMPLOYEES WHERE EMPLOYEEID=1
[2024-07-26 10:55:04] --- [QUERY] Selected from table: EMPLOYEES
[2024-07-26 10:57:23] --- [QUERY] USE DATABASE TESTDB
[2024-07-26 10:57:30] --- [QUERY] SELECT (EMPLOYEEID,LASTNAME) FROM EMPLOYEES WHERE EMPLOYEEID=1
[2024-07-26 10:57:30] --- [QUERY] Selected from table: EMPLOYEES
[2024-07-26 10:59:16] --- [QUERY] USE DATABASE TESTDB
[2024-07-26 10:59:21] --- [QUERY] SELECT (EMPLOYEEID,LASTNAME) FROM EMPLOYEES WHERE EMPLOYEEID=1
[2024-07-26 10:59:21] --- [QUERY] Selected from table: EMPLOYEES
[2024-07-26 11:00:07] --- [QUERY] SELECT * FROM EMPLOYEES
[2024-07-26 11:00:23] --- [QUERY] SELECT * FROM EMPLOYEES WHERE EMPLOYEEID=1
[2024-07-26 11:08:07] --- [QUERY] USE DATABASE TESTDB
[2024-07-26 11:08:14] --- [QUERY] SELECT (EMPLOYEEID,LASTNAME) FROM EMPLOYEES WHERE EMPLOYEEID=1
[2024-07-26 11:08:14] --- [QUERY] Selected from table: EMPLOYEES
[2024-07-26 11:12:10] --- [QUERY] USE DATABASE TESTDB
[2024-07-26 11:12:16] --- [QUERY] SELECT (EMPLOYEEID,LASTNAME) FROM EMPLOYEES WHERE EMPLOYEEID=1
[2024-07-26 11:12:16] --- [QUERY] Selected from table: EMPLOYEES
[2024-07-26 11:12:25] --- [QUERY] SELECT (EMPLOYEEID,LASTNAME) FROM EMPLOYEES WHERE EMPLOYEEID=2
[2024-07-26 11:12:25] --- [QUERY] Selected from table: EMPLOYEES
[2024-07-26 11:12:39] --- [QUERY] SELECT (EMPLOYEEID,LASTNAME) FROM EMPLOYEES WHERE LASTNAME="DOE"
[2024-07-26 11:13:11] --- [QUERY] USE DATABASE TESTDB
[2024-07-26 11:14:42] --- [QUERY] USE DATABASE TESTDB
[2024-07-26 11:14:47] --- [QUERY] SELECT (EMPLOYEEID,LASTNAME) FROM EMPLOYEES WHERE EMPLOYEEID=1
[2024-07-26 11:14:47] --- [QUERY] Selected from table: EMPLOYEES
[2024-07-26 11:14:51] --- [QUERY] SELECT (EMPLOYEEID,LASTNAME) FROM EMPLOYEES WHERE EMPLOYEEID=2
[2024-07-26 11:14:51] --- [QUERY] Selected from table: EMPLOYEES
[2024-07-26 11:18:01] --- [QUERY] USE DATABASE TESTDB
[2024-07-26 11:18:08] --- [QUERY] SELECT (EMPLOYEEID,LASTNAME) FROM EMPLOYEES WHERE EMPLOYEEID=1
[2024-07-26 11:18:08] --- [QUERY] Selected from table: EMPLOYEES
[2024-07-26 11:18:15] --- [QUERY] SELECT * FROM EMPLOYEES
[2024-07-26 11:18:46] --- [QUERY] SELECT * FROM EMPLOYEES WHERE EMPLOYEEID=1
[2024-07-26 11:18:46] --- [QUERY] Selected from table: EMPLOYEES
[2024-07-26 11:18:57] --- [QUERY] SELECT * FROM EMPLOYEES WHERE EMPLOYEEID=2
[2024-07-26 11:18:57] --- [QUERY] Selected from table: EMPLOYEES
[2024-07-26 11:19:46] --- [QUERY] SELECT * FROM EMPLOYEES WHERE FIRSTNAME=JOHN
[2024-07-26 11:19:55] --- [QUERY] SELECT * FROM EMPLOYEES WHERE FIRSTNAME="JOHN"
[2024-07-26 11:20:00] --- [QUERY] SELECT * FROM EMPLOYEES WHERE FIRSTNAME='JOHN'
[2024-07-26 11:20:00] --- [QUERY] Selected from table: EMPLOYEES
[2024-07-26 11:24:37] --- [QUERY] USE DATABASE TESTDB
[2024-07-26 11:24:47] --- [QUERY] SELECT * FROM EMPLOYEES
[2024-07-26 11:25:08] --- [QUERY] SELECT * FROM EMPLOYEES WHERE EMPLOYEEID=1
[2024-07-26 11:25:08] --- [QUERY] Selected from table: EMPLOYEES
[2024-07-26 11:25:33] --- [QUERY] SELECT * FROM EMPLOYEES WHERE FIRSTNAME='JOHN'
[2024-07-26 11:25:33] --- [QUERY] Selected from table: EMPLOYEES
[2024-07-26 11:26:04] --- [QUERY] SELECT (EMPLOYEEID, LASTNAME, POSITION) FROM EMPLOYEES
[2024-07-26 11:26:04] --- [QUERY] Selected from table: EMPLOYEES
[2024-07-26 09:42:02] --- [QUERY] USE DATABASE TEST_DB
